<?xml version="1.0" encoding="utf-8"?><testsuites name="pytest tests"><testsuite name="pytest" errors="0" failures="0" skipped="0" tests="4" time="1.984" timestamp="2026-09-10T18:44:05.717626+00:00" hostname="agent-env-1f2ee42d-c26c-4df4-8eba-3a1ad2cced35"><testcase classname="tests.test_mahaflow_api" name="test_setup_status" time="0.174" /><testcase classname="tests.test_mahaflow_api" name="test_access_code_lifecycle" time="0.521" /><testcase classname="tests.test_mahaflow_api" name="test_camera_create_get_delete" time="0.552" /><testcase classname="tests.test_mahaflow_api" name="test_crowd_readings" time="0.225" /></testsuite></testsuites>