<?xml version="1.0" encoding="utf-8"?><testsuites name="pytest tests"><testsuite name="pytest" errors="0" failures="0" skipped="0" tests="4" time="1.289" timestamp="2026-09-10T19:58:01.857520+00:00" hostname="agent-env-1f2ee42d-c26c-4df4-8eba-3a1ad2cced35"><testcase classname="tests.test_mahaflow_api" name="test_setup_status" time="0.293" /><testcase classname="tests.test_mahaflow_api" name="test_legacy_access_code_api_is_retired" time="0.216" /><testcase classname="tests.test_mahaflow_api" name="test_legacy_camera_api_is_retired" time="0.225" /><testcase classname="tests.test_mahaflow_api" name="test_legacy_crowd_api_is_retired" time="0.172" /></testsuite></testsuites>